<?xml version="1.0" encoding="UTF-8" ?>
<testsuite errors="0" failures="0" hostname="batman.cs.usm.maine.edu" name="books.BooksControllerTests" tests="1" time="0.96" timestamp="2012-01-28T01:38:14">
  <properties />
  <testcase classname="books.BooksControllerTests" name="testSomething" time="0.955" />
  <system-out><![CDATA[--Output from testSomething--
]]></system-out>
  <system-err><![CDATA[--Output from testSomething--
]]></system-err>
</testsuite>
