<?xml version="1.0" encoding="UTF-8" ?>
<testsuite errors="0" failures="0" hostname="batman.cs.usm.maine.edu" name="books.BooksTests" tests="1" time="0.723" timestamp="2012-01-28T01:38:13">
  <properties />
  <testcase classname="books.BooksTests" name="testSomething" time="0.431" />
  <system-out><![CDATA[--Output from testSomething--
]]></system-out>
  <system-err><![CDATA[--Output from testSomething--
]]></system-err>
</testsuite>
