<?xml version="1.0" encoding="UTF-8" ?>
<testsuite errors="0" failures="0" hostname="brian-kurlychek-1.wireless.usm.maine.edu" name="books.BooksControllerTests" tests="1" time="1.402" timestamp="2012-02-07T18:57:05">
  <properties />
  <testcase classname="books.BooksControllerTests" name="testSomething" time="1.336" />
  <system-out><![CDATA[--Output from testSomething--
]]></system-out>
  <system-err><![CDATA[--Output from testSomething--
]]></system-err>
</testsuite>
