<?xml version="1.0" encoding="UTF-8" ?>
<testsuite errors="0" failures="0" hostname="brian-kurlychek-1.wireless.usm.maine.edu" name="books.BooksTests" tests="1" time="0.693" timestamp="2012-02-07T19:17:09">
  <properties />
  <testcase classname="books.BooksTests" name="testSomething" time="0.678" />
  <system-out><![CDATA[--Output from testSomething--
]]></system-out>
  <system-err><![CDATA[--Output from testSomething--
]]></system-err>
</testsuite>
