<?xml version="1.0" encoding="UTF-8" ?>
<testsuite errors="0" failures="0" hostname="batman.cs.usm.maine.edu" name="books.BooksServiceIntegrationTests" tests="1" time="0.165" timestamp="2012-01-28T01:38:22">
  <properties />
  <testcase classname="books.BooksServiceIntegrationTests" name="testStaticBooks" time="0.165" />
  <system-out><![CDATA[--Output from testStaticBooks--
]]></system-out>
  <system-err><![CDATA[--Output from testStaticBooks--
]]></system-err>
</testsuite>
